1.307958644556065 0 0.03
1.3024333303390112 0 0.00
1.3029319280135163 0 0.01
1.2924913694165931 0 0.06
1.294927372613981 0 0.01
1.2966186454975677 0 0.00
1.3072213579692389 0 0.04
1.3069071035250932 0 0.00
1.277647306401135 0 0.02
1.3017878608086615 0 0.01
1.3096627936748237 .2 0.19
1.3074242031679182 .2 0.19
1.2995184341249568 .2 0.21
1.2952333050072817 .2 0.19
1.301233729063616 .2 0.20
1.2948889767422433 .2 0.20
1.3056345192836465 .2 0.21
1.2993308715619414 .2 0.17
1.3136496231907737 .2 0.18
1.3030116910946088 .2 0.20
1.315285610818098 .4 0.44
1.3253489754660945 .4 0.41
1.3089376896570697 .4 0.41
1.3144099980482147 .4 0.37
1.3099979556659271 .4 0.42
1.3175920543081758 .4 0.42
1.3121119386459272 .4 0.40
1.320007590702483 .4 0.39
1.3211412765348725 .4 0.46
1.3175964501476827 .4 0.39
1.3334662381913611 .6 0.61
1.3396374005229035 .6 0.61
1.3248623570873654 .6 0.57
1.3372234751148366 .6 0.62
1.3499816506617008 .6 0.61
1.3414096935539082 .6 0.59
1.3339367347117608 .6 0.58
1.340762787061532 .6 0.58
1.323168943258465 .6 0.62
1.3244491562400897 .6 0.57
1.3849008419454907 .8 0.83
1.344860138165355 .8 0.80
1.3483690581809444 .8 0.81
1.3682527992378313 .8 0.78
1.3685892817598784 .8 0.80
1.3597614157561584 .8 0.77
1.3495807912363618 .8 0.78
1.378293344276567 .8 0.83
1.3376515163909901 .8 0.80
1.3546020280951028 .8 0.81
1.3841839621213206 1.0 0.99
1.4158402031325494 1.0 1.00
1.4069257432758155 1.0 0.98
1.433624775111727 1.0 1.00
1.4439821753382502 1.0 0.97
1.4233240127598075 1.0 0.99
1.4228211373983544 1.0 0.99
1.4292242666566697 1.0 0.98
1.4232598099661107 1.0 0.98
1.4508696413546343 1.0 1.00
