1.2436779351515401 0 0
1.2362128140057815 0 0.06
1.2617096287049476 0 0
1.2328204850532076 0 0
1.2171314024528455 0 0.05
1.2671468635204117 0 0.05
1.2543175248383691 0 0
1.2420368218617297 0 0.12
1.236895892799247 0 0.07
1.256009733998084 0 0.07
1.262523317957586 0.2 0.28
1.2336238385894607 0.2 0.24
1.2347719102577466 0.2 0.15
1.2223809952845057 0.2 0.23
1.2276665846109762 0.2 0.09
1.2579265613284654 0.2 0.17
1.2391775570912194 0.2 0.35
1.2540009534524943 0.2 0.21
1.2725984313096403 0.2 0.19
1.2454351755288904 0.2 0.24
1.2535360338011903 0.4 0.45
1.2442218355240429 0.4 0.28
1.2518727935278726 0.4 0.39
1.3082655556245482 0.4 0.51
1.2508917250413716 0.4 0.43
1.2346575208619055 0.4 0.43
1.2602606363944264 0.4 0.31
1.2116527218529067 0.4 0.31
1.2806625990616054 0.4 0.48
1.2704863372242317 0.4 0.32
1.2500447746653052 0.6 0.52
1.256970495762164 0.6 0.61
1.2659892798315489 0.6 0.69
1.223357849468023 0.6 0.49
1.2907630994167365 0.6 0.63
1.299496471593705 0.6 0.63
1.2342605871897236 0.6 0.6
1.2259759376542179 0.6 0.57
1.2320550666172578 0.6 0.54
1.3044531909422397 0.6 0.55
1.326406835356487 0.8 0.68
1.3229674638631723 0.8 0.81
1.2424504267116845 0.8 0.72
1.3005218786810748 0.8 0.81
1.304654896860008 0.8 0.73
1.3451406538906971 0.8 0.87
1.3130749017062884 0.8 0.78
1.3465317840808704 0.8 0.84
1.3068133712829362 0.8 0.79
1.3138437764176671 0.8 0.79
1.3139284779500717 1 0.99
1.3418911158121982 1 0.99
1.2995523794240538 1 0.96
1.3097761454154095 1 0.99
1.3230917519370424 1 0.99
1.332530082167698 1 0.99
1.379272674367535 1 0.99
1.317771761681403 1 0.99
1.3910927005104716 1 0.99
1.3147131868616984 1 0.99
