1.3027534458554184 0 0.03
1.2928339116573178 0 0.01
1.2789329166773091 0 0.01
1.3010454567165282 0 0.00
1.3031492911674274 0 0.01
1.3085458624372088 0 0.00
1.3115684990511278 0 0.01
1.3202938530106925 0 0.01
1.303119553106798 0 0.00
1.2830666538942035 0 0.02
1.3110021608770983 .2 0.24
1.2991697587494913 .2 0.22
1.297018530581286 .2 0.21
1.2993185615116671 .2 0.19
1.2921866437765264 .2 0.22
1.3044306973489819 .2 0.19
1.2945545843005821 .2 0.20
1.3005327234488302 .2 0.22
1.3217666069914462 .2 0.19
1.302305150139501 .2 0.20
1.3296114493924511 .4 0.35
1.328541666718132 .4 0.38
1.328540159266699 .4 0.42
1.3335884882819717 .4 0.39
1.3209074168669697 .4 0.39
1.3197819518761138 .4 0.41
1.3086925056814227 .4 0.40
1.317037666148424 .4 0.41
1.329987162422621 .4 0.36
1.3161140588622904 .4 0.35
1.3518014739237352 .6 0.60
1.4019335076432595 .6 0.61
1.3587196157489654 .6 0.60
1.3680345684055393 .6 0.58
1.379844202561259 .6 0.60
1.3601326954925421 .6 0.56
1.3764835338432064 .6 0.60
1.3545651642772887 .6 0.63
1.3679849829719426 .6 0.60
1.375847857637551 .6 0.61
1.4558928226432104 .8 0.76
1.4991560937139332 .8 0.79
1.4839188994303092 .8 0.79
1.4583589535719599 .8 0.79
1.4392700222790038 .8 0.79
1.4674317787310729 .8 0.78
1.4272807115501793 .8 0.79
1.4671422896053472 .8 0.79
1.4892578344110285 .8 0.79
1.4331974777091223 .8 0.80
1.6939152088612528 1.0 1.00
1.587994366812836 1.0 1.00
1.6687341868863002 1.0 1.00
1.6796581421991763 1.0 1.00
1.6328174930367279 1.0 0.99
1.6221119859694744 1.0 1.00
1.5848168622125303 1.0 0.99
1.72635171439998 1.0 1.00
1.6103913737033086 1.0 1.00
1.6532393364052835 1.0 1.00
